# JRE version: Java(TM) SE Runtime Environment (8.0_201-b09) (build 1.8.0_201-b09)
# Java VM: Java HotSpot(TM) 64-Bit Server VM (25.201-b09 mixed mode windows-amd64 compressed oops)
Heap:
 PSYoungGen      total 192512K, used 97435K [0x00000000e5b00000, 0x00000000f2d80000, 0x0000000100000000)
  eden space 178688K, 46% used [0x00000000e5b00000,0x00000000eacae2e8,0x00000000f0980000)
  from space 13824K, 99% used [0x00000000f1c80000,0x00000000f29f8ca0,0x00000000f2a00000)
  to   space 18432K, 0% used [0x00000000f0980000,0x00000000f0980000,0x00000000f1b80000)
 ParOldGen       total 60416K, used 24175K [0x00000000b1000000, 0x00000000b4b00000, 0x00000000e5b00000)
  object space 60416K, 40% used [0x00000000b1000000,0x00000000b279bee8,0x00000000b4b00000)
 Metaspace       used 56136K, capacity 58632K, committed 58880K, reserved 1099776K
  class space    used 7619K, capacity 8082K, committed 8192K, reserved 1048576K
GC Heap History (10 events):
Event: 4.903 GC heap before
{Heap before GC invocations=8 (full 1):
 PSYoungGen      total 89600K, used 81920K [0x00000000e5b00000, 0x00000000ec000000, 0x0000000100000000)
  eden space 81920K, 100% used [0x00000000e5b00000,0x00000000eab00000,0x00000000eab00000)
  from space 7680K, 0% used [0x00000000eb480000,0x00000000eb480000,0x00000000ebc00000)
  to   space 9728K, 0% used [0x00000000eab00000,0x00000000eab00000,0x00000000eb480000)
 ParOldGen       total 39424K, used 8994K [0x00000000b1000000, 0x00000000b3680000, 0x00000000e5b00000)
  object space 39424K, 22% used [0x00000000b1000000,0x00000000b18c8b68,0x00000000b3680000)
 Metaspace       used 24144K, capacity 24790K, committed 25088K, reserved 1071104K
  class space    used 3053K, capacity 3232K, committed 3328K, reserved 1048576K
Event: 4.920 GC heap after
Heap after GC invocations=8 (full 1):
 PSYoungGen      total 91648K, used 4783K [0x00000000e5b00000, 0x00000000ef200000, 0x0000000100000000)
  eden space 81920K, 0% used [0x00000000e5b00000,0x00000000e5b00000,0x00000000eab00000)
  from space 9728K, 49% used [0x00000000eab00000,0x00000000eafabe20,0x00000000eb480000)
  to   space 8704K, 0% used [0x00000000ee980000,0x00000000ee980000,0x00000000ef200000)
 ParOldGen       total 39424K, used 9066K [0x00000000b1000000, 0x00000000b3680000, 0x00000000e5b00000)
  object space 39424K, 22% used [0x00000000b1000000,0x00000000b18dab78,0x00000000b3680000)
 Metaspace       used 24144K, capacity 24790K, committed 25088K, reserved 1071104K
  class space    used 3053K, capacity 3232K, committed 3328K, reserved 1048576K
}
Event: 7.046 GC heap before
{Heap before GC invocations=9 (full 1):
 PSYoungGen      total 91648K, used 86703K [0x00000000e5b00000, 0x00000000ef200000, 0x0000000100000000)
  eden space 81920K, 100% used [0x00000000e5b00000,0x00000000eab00000,0x00000000eab00000)
  from space 9728K, 49% used [0x00000000eab00000,0x00000000eafabe20,0x00000000eb480000)
  to   space 8704K, 0% used [0x00000000ee980000,0x00000000ee980000,0x00000000ef200000)
 ParOldGen       total 39424K, used 9066K [0x00000000b1000000, 0x00000000b3680000, 0x00000000e5b00000)
  object space 39424K, 22% used [0x00000000b1000000,0x00000000b18dab78,0x00000000b3680000)
 Metaspace       used 30150K, capacity 31706K, committed 32000K, reserved 1077248K
  class space    used 3897K, capacity 4243K, committed 4352K, reserved 1048576K
Event: 7.081 GC heap after
Heap after GC invocations=9 (full 1):
 PSYoungGen      total 142848K, used 8674K [0x00000000e5b00000, 0x00000000ef400000, 0x0000000100000000)
  eden space 134144K, 0% used [0x00000000e5b00000,0x00000000e5b00000,0x00000000ede00000)
  from space 8704K, 99% used [0x00000000ee980000,0x00000000ef1f8920,0x00000000ef200000)
  to   space 11264K, 0% used [0x00000000ede00000,0x00000000ede00000,0x00000000ee900000)
 ParOldGen       total 39424K, used 11080K [0x00000000b1000000, 0x00000000b3680000, 0x00000000e5b00000)
  object space 39424K, 28% used [0x00000000b1000000,0x00000000b1ad2368,0x00000000b3680000)
 Metaspace       used 30150K, capacity 31706K, committed 32000K, reserved 1077248K
  class space    used 3897K, capacity 4243K, committed 4352K, reserved 1048576K
}
Event: 8.258 GC heap before
{Heap before GC invocations=10 (full 1):
 PSYoungGen      total 142848K, used 108874K [0x00000000e5b00000, 0x00000000ef400000, 0x0000000100000000)
  eden space 134144K, 74% used [0x00000000e5b00000,0x00000000ebcda038,0x00000000ede00000)
  from space 8704K, 99% used [0x00000000ee980000,0x00000000ef1f8920,0x00000000ef200000)
  to   space 11264K, 0% used [0x00000000ede00000,0x00000000ede00000,0x00000000ee900000)
 ParOldGen       total 39424K, used 11080K [0x00000000b1000000, 0x00000000b3680000, 0x00000000e5b00000)
  object space 39424K, 28% used [0x00000000b1000000,0x00000000b1ad2368,0x00000000b3680000)
 Metaspace       used 33732K, capacity 35330K, committed 35416K, reserved 1079296K
  class space    used 4325K, capacity 4651K, committed 4736K, reserved 1048576K
Event: 8.288 GC heap after
Heap after GC invocations=10 (full 1):
 PSYoungGen      total 145408K, used 11236K [0x00000000e5b00000, 0x00000000f2a00000, 0x0000000100000000)
  eden space 134144K, 0% used [0x00000000e5b00000,0x00000000e5b00000,0x00000000ede00000)
  from space 11264K, 99% used [0x00000000ede00000,0x00000000ee8f90f8,0x00000000ee900000)
  to   space 13824K, 0% used [0x00000000f1c80000,0x00000000f1c80000,0x00000000f2a00000)
 ParOldGen       total 39424K, used 13681K [0x00000000b1000000, 0x00000000b3680000, 0x00000000e5b00000)
  object space 39424K, 34% used [0x00000000b1000000,0x00000000b1d5c758,0x00000000b3680000)
 Metaspace       used 33732K, capacity 35330K, committed 35416K, reserved 1079296K
  class space    used 4325K, capacity 4651K, committed 4736K, reserved 1048576K
}
Event: 8.288 GC heap before
{Heap before GC invocations=11 (full 2):
 PSYoungGen      total 145408K, used 11236K [0x00000000e5b00000, 0x00000000f2a00000, 0x0000000100000000)
  eden space 134144K, 0% used [0x00000000e5b00000,0x00000000e5b00000,0x00000000ede00000)
  from space 11264K, 99% used [0x00000000ede00000,0x00000000ee8f90f8,0x00000000ee900000)
  to   space 13824K, 0% used [0x00000000f1c80000,0x00000000f1c80000,0x00000000f2a00000)
 ParOldGen       total 39424K, used 13681K [0x00000000b1000000, 0x00000000b3680000, 0x00000000e5b00000)
  object space 39424K, 34% used [0x00000000b1000000,0x00000000b1d5c758,0x00000000b3680000)
 Metaspace       used 33732K, capacity 35330K, committed 35416K, reserved 1079296K
  class space    used 4325K, capacity 4651K, committed 4736K, reserved 1048576K
Event: 8.410 GC heap after
Heap after GC invocations=11 (full 2):
 PSYoungGen      total 145408K, used 0K [0x00000000e5b00000, 0x00000000f2a00000, 0x0000000100000000)
  eden space 134144K, 0% used [0x00000000e5b00000,0x00000000e5b00000,0x00000000ede00000)
  from space 11264K, 0% used [0x00000000ede00000,0x00000000ede00000,0x00000000ee900000)
  to   space 13824K, 0% used [0x00000000f1c80000,0x00000000f1c80000,0x00000000f2a00000)
 ParOldGen       total 60416K, used 17921K [0x00000000b1000000, 0x00000000b4b00000, 0x00000000e5b00000)
  object space 60416K, 29% used [0x00000000b1000000,0x00000000b2180530,0x00000000b4b00000)
 Metaspace       used 33732K, capacity 35330K, committed 35416K, reserved 1079296K
  class space    used 4325K, capacity 4651K, committed 4736K, reserved 1048576K
}
Event: 12.725 GC heap before
{Heap before GC invocations=12 (full 2):
 PSYoungGen      total 145408K, used 134144K [0x00000000e5b00000, 0x00000000f2a00000, 0x0000000100000000)
  eden space 134144K, 100% used [0x00000000e5b00000,0x00000000ede00000,0x00000000ede00000)
  from space 11264K, 0% used [0x00000000ede00000,0x00000000ede00000,0x00000000ee900000)
  to   space 13824K, 0% used [0x00000000f1c80000,0x00000000f1c80000,0x00000000f2a00000)
 ParOldGen       total 60416K, used 17921K [0x00000000b1000000, 0x00000000b4b00000, 0x00000000e5b00000)
  object space 60416K, 29% used [0x00000000b1000000,0x00000000b2180530,0x00000000b4b00000)
 Metaspace       used 52424K, capacity 54560K, committed 54656K, reserved 1095680K
  class space    used 7125K, capacity 7532K, committed 7552K, reserved 1048576K
Event: 12.775 GC heap after
Heap after GC invocations=12 (full 2):
 PSYoungGen      total 192512K, used 13795K [0x00000000e5b00000, 0x00000000f2d80000, 0x0000000100000000)
  eden space 178688K, 0% used [0x00000000e5b00000,0x00000000e5b00000,0x00000000f0980000)
  from space 13824K, 99% used [0x00000000f1c80000,0x00000000f29f8ca0,0x00000000f2a00000)
  to   space 18432K, 0% used [0x00000000f0980000,0x00000000f0980000,0x00000000f1b80000)
 ParOldGen       total 60416K, used 24175K [0x00000000b1000000, 0x00000000b4b00000, 0x00000000e5b00000)
  object space 60416K, 40% used [0x00000000b1000000,0x00000000b279bee8,0x00000000b4b00000)
 Metaspace       used 52424K, capacity 54560K, committed 54656K, reserved 1095680K
  class space    used 7125K, capacity 7532K, committed 7552K, reserved 1048576K
}

