# JRE version: Java(TM) SE Runtime Environment (8.0_111-b14) (build 1.8.0_111-b14)
# Java VM: Java HotSpot(TM) 64-Bit Server VM (25.111-b14 mixed mode windows-amd64 compressed oops)
Heap:
 PSYoungGen      total 45056K, used 30523K [0x00000000e5b00000, 0x00000000e8a00000, 0x0000000100000000)
  eden space 41984K, 65% used [0x00000000e5b00000,0x00000000e75d4f78,0x00000000e8400000)
  from space 3072K, 99% used [0x00000000e8400000,0x00000000e86f9d18,0x00000000e8700000)
  to   space 3072K, 0% used [0x00000000e8700000,0x00000000e8700000,0x00000000e8a00000)
 ParOldGen       total 34304K, used 7137K [0x00000000b1000000, 0x00000000b3180000, 0x00000000e5b00000)
  object space 34304K, 20% used [0x00000000b1000000,0x00000000b16f87b8,0x00000000b3180000)
 Metaspace       used 22195K, capacity 22876K, committed 22912K, reserved 1071104K
  class space    used 2970K, capacity 3184K, committed 3200K, reserved 1048576K
GC Heap History (10 events):
Event: 2.335 GC heap before
{Heap before GC invocations=4 (full 0):
 PSYoungGen      total 24064K, used 23718K [0x00000000e5b00000, 0x00000000e8a00000, 0x0000000100000000)
  eden space 20992K, 100% used [0x00000000e5b00000,0x00000000e6f80000,0x00000000e6f80000)
  from space 3072K, 88% used [0x00000000e6f80000,0x00000000e7229958,0x00000000e7280000)
  to   space 3072K, 0% used [0x00000000e8700000,0x00000000e8700000,0x00000000e8a00000)
 ParOldGen       total 54784K, used 742K [0x00000000b1000000, 0x00000000b4580000, 0x00000000e5b00000)
  object space 54784K, 1% used [0x00000000b1000000,0x00000000b10b9930,0x00000000b4580000)
 Metaspace       used 12701K, capacity 13076K, committed 13312K, reserved 1060864K
  class space    used 1572K, capacity 1690K, committed 1792K, reserved 1048576K
Event: 2.349 GC heap after
Heap after GC invocations=4 (full 0):
 PSYoungGen      total 45056K, used 3062K [0x00000000e5b00000, 0x00000000e8a00000, 0x0000000100000000)
  eden space 41984K, 0% used [0x00000000e5b00000,0x00000000e5b00000,0x00000000e8400000)
  from space 3072K, 99% used [0x00000000e8700000,0x00000000e89fd868,0x00000000e8a00000)
  to   space 3072K, 0% used [0x00000000e8400000,0x00000000e8400000,0x00000000e8700000)
 ParOldGen       total 54784K, used 2708K [0x00000000b1000000, 0x00000000b4580000, 0x00000000e5b00000)
  object space 54784K, 4% used [0x00000000b1000000,0x00000000b12a5060,0x00000000b4580000)
 Metaspace       used 12701K, capacity 13076K, committed 13312K, reserved 1060864K
  class space    used 1572K, capacity 1690K, committed 1792K, reserved 1048576K
}
Event: 2.904 GC heap before
{Heap before GC invocations=5 (full 0):
 PSYoungGen      total 45056K, used 45046K [0x00000000e5b00000, 0x00000000e8a00000, 0x0000000100000000)
  eden space 41984K, 100% used [0x00000000e5b00000,0x00000000e8400000,0x00000000e8400000)
  from space 3072K, 99% used [0x00000000e8700000,0x00000000e89fd868,0x00000000e8a00000)
  to   space 3072K, 0% used [0x00000000e8400000,0x00000000e8400000,0x00000000e8700000)
 ParOldGen       total 54784K, used 2716K [0x00000000b1000000, 0x00000000b4580000, 0x00000000e5b00000)
  object space 54784K, 4% used [0x00000000b1000000,0x00000000b12a7008,0x00000000b4580000)
 Metaspace       used 15602K, capacity 16036K, committed 16128K, reserved 1062912K
  class space    used 2114K, capacity 2257K, committed 2304K, reserved 1048576K
Event: 2.919 GC heap after
Heap after GC invocations=5 (full 0):
 PSYoungGen      total 45056K, used 3040K [0x00000000e5b00000, 0x00000000e8a00000, 0x0000000100000000)
  eden space 41984K, 0% used [0x00000000e5b00000,0x00000000e5b00000,0x00000000e8400000)
  from space 3072K, 98% used [0x00000000e8400000,0x00000000e86f8060,0x00000000e8700000)
  to   space 3072K, 0% used [0x00000000e8700000,0x00000000e8700000,0x00000000e8a00000)
 ParOldGen       total 54784K, used 6046K [0x00000000b1000000, 0x00000000b4580000, 0x00000000e5b00000)
  object space 54784K, 11% used [0x00000000b1000000,0x00000000b15e7a58,0x00000000b4580000)
 Metaspace       used 15602K, capacity 16036K, committed 16128K, reserved 1062912K
  class space    used 2114K, capacity 2257K, committed 2304K, reserved 1048576K
}
Event: 3.068 GC heap before
{Heap before GC invocations=6 (full 0):
 PSYoungGen      total 45056K, used 16228K [0x00000000e5b00000, 0x00000000e8a00000, 0x0000000100000000)
  eden space 41984K, 31% used [0x00000000e5b00000,0x00000000e67e1088,0x00000000e8400000)
  from space 3072K, 98% used [0x00000000e8400000,0x00000000e86f8060,0x00000000e8700000)
  to   space 3072K, 0% used [0x00000000e8700000,0x00000000e8700000,0x00000000e8a00000)
 ParOldGen       total 54784K, used 6046K [0x00000000b1000000, 0x00000000b4580000, 0x00000000e5b00000)
  object space 54784K, 11% used [0x00000000b1000000,0x00000000b15e7a58,0x00000000b4580000)
 Metaspace       used 16484K, capacity 16962K, committed 17024K, reserved 1069056K
  class space    used 2244K, capacity 2394K, committed 2432K, reserved 1048576K
Event: 3.078 GC heap after
Heap after GC invocations=6 (full 0):
 PSYoungGen      total 45056K, used 3040K [0x00000000e5b00000, 0x00000000e8a00000, 0x0000000100000000)
  eden space 41984K, 0% used [0x00000000e5b00000,0x00000000e5b00000,0x00000000e8400000)
  from space 3072K, 98% used [0x00000000e8700000,0x00000000e89f8028,0x00000000e8a00000)
  to   space 3072K, 0% used [0x00000000e8400000,0x00000000e8400000,0x00000000e8700000)
 ParOldGen       total 54784K, used 7225K [0x00000000b1000000, 0x00000000b4580000, 0x00000000e5b00000)
  object space 54784K, 13% used [0x00000000b1000000,0x00000000b170e628,0x00000000b4580000)
 Metaspace       used 16484K, capacity 16962K, committed 17024K, reserved 1069056K
  class space    used 2244K, capacity 2394K, committed 2432K, reserved 1048576K
}
Event: 3.078 GC heap before
{Heap before GC invocations=7 (full 1):
 PSYoungGen      total 45056K, used 3040K [0x00000000e5b00000, 0x00000000e8a00000, 0x0000000100000000)
  eden space 41984K, 0% used [0x00000000e5b00000,0x00000000e5b00000,0x00000000e8400000)
  from space 3072K, 98% used [0x00000000e8700000,0x00000000e89f8028,0x00000000e8a00000)
  to   space 3072K, 0% used [0x00000000e8400000,0x00000000e8400000,0x00000000e8700000)
 ParOldGen       total 54784K, used 7225K [0x00000000b1000000, 0x00000000b4580000, 0x00000000e5b00000)
  object space 54784K, 13% used [0x00000000b1000000,0x00000000b170e628,0x00000000b4580000)
 Metaspace       used 16484K, capacity 16962K, committed 17024K, reserved 1069056K
  class space    used 2244K, capacity 2394K, committed 2432K, reserved 1048576K
Event: 3.147 GC heap after
Heap after GC invocations=7 (full 1):
 PSYoungGen      total 45056K, used 0K [0x00000000e5b00000, 0x00000000e8a00000, 0x0000000100000000)
  eden space 41984K, 0% used [0x00000000e5b00000,0x00000000e5b00000,0x00000000e8400000)
  from space 3072K, 0% used [0x00000000e8700000,0x00000000e8700000,0x00000000e8a00000)
  to   space 3072K, 0% used [0x00000000e8400000,0x00000000e8400000,0x00000000e8700000)
 ParOldGen       total 34304K, used 5446K [0x00000000b1000000, 0x00000000b3180000, 0x00000000e5b00000)
  object space 34304K, 15% used [0x00000000b1000000,0x00000000b1551a18,0x00000000b3180000)
 Metaspace       used 16482K, capacity 16956K, committed 17024K, reserved 1067008K
  class space    used 2243K, capacity 2393K, committed 2432K, reserved 1048576K
}
Event: 3.705 GC heap before
{Heap before GC invocations=8 (full 1):
 PSYoungGen      total 45056K, used 41984K [0x00000000e5b00000, 0x00000000e8a00000, 0x0000000100000000)
  eden space 41984K, 100% used [0x00000000e5b00000,0x00000000e8400000,0x00000000e8400000)
  from space 3072K, 0% used [0x00000000e8700000,0x00000000e8700000,0x00000000e8a00000)
  to   space 3072K, 0% used [0x00000000e8400000,0x00000000e8400000,0x00000000e8700000)
 ParOldGen       total 34304K, used 5446K [0x00000000b1000000, 0x00000000b3180000, 0x00000000e5b00000)
  object space 34304K, 15% used [0x00000000b1000000,0x00000000b1551a18,0x00000000b3180000)
 Metaspace       used 20513K, capacity 21114K, committed 21376K, reserved 1069056K
  class space    used 2758K, capacity 2922K, committed 2944K, reserved 1048576K
Event: 3.714 GC heap after
Heap after GC invocations=8 (full 1):
 PSYoungGen      total 45056K, used 3047K [0x00000000e5b00000, 0x00000000e8a00000, 0x0000000100000000)
  eden space 41984K, 0% used [0x00000000e5b00000,0x00000000e5b00000,0x00000000e8400000)
  from space 3072K, 99% used [0x00000000e8400000,0x00000000e86f9d18,0x00000000e8700000)
  to   space 3072K, 0% used [0x00000000e8700000,0x00000000e8700000,0x00000000e8a00000)
 ParOldGen       total 34304K, used 7137K [0x00000000b1000000, 0x00000000b3180000, 0x00000000e5b00000)
  object space 34304K, 20% used [0x00000000b1000000,0x00000000b16f87b8,0x00000000b3180000)
 Metaspace       used 20513K, capacity 21114K, committed 21376K, reserved 1069056K
  class space    used 2758K, capacity 2922K, committed 2944K, reserved 1048576K
}

