# JRE version: Java(TM) SE Runtime Environment (8.0_111-b14) (build 1.8.0_111-b14)
# Java VM: Java HotSpot(TM) 64-Bit Server VM (25.111-b14 mixed mode windows-amd64 compressed oops)
Heap:
 PSYoungGen      total 169472K, used 3530K [0x00000000e5b00000, 0x00000000f3c80000, 0x0000000100000000)
  eden space 161792K, 2% used [0x00000000e5b00000,0x00000000e5e72bf8,0x00000000ef900000)
  from space 7680K, 0% used [0x00000000ef900000,0x00000000ef900000,0x00000000f0080000)
  to   space 12288K, 0% used [0x00000000f3080000,0x00000000f3080000,0x00000000f3c80000)
 ParOldGen       total 35328K, used 31258K [0x00000000b1000000, 0x00000000b3280000, 0x00000000e5b00000)
  object space 35328K, 88% used [0x00000000b1000000,0x00000000b2e868d0,0x00000000b3280000)
 Metaspace       used 45939K, capacity 47808K, committed 48128K, reserved 1091584K
  class space    used 6423K, capacity 6812K, committed 6912K, reserved 1048576K
GC Heap History (10 events):
Event: 5.750 GC heap before
{Heap before GC invocations=10 (full 1):
 PSYoungGen      total 148480K, used 148310K [0x00000000e5b00000, 0x00000000f0800000, 0x0000000100000000)
  eden space 144384K, 99% used [0x00000000e5b00000,0x00000000ee7f2288,0x00000000ee800000)
  from space 4096K, 97% used [0x00000000f0400000,0x00000000f07e3938,0x00000000f0800000)
  to   space 7680K, 0% used [0x00000000ef900000,0x00000000ef900000,0x00000000f0080000)
 ParOldGen       total 35328K, used 6274K [0x00000000b1000000, 0x00000000b3280000, 0x00000000e5b00000)
  object space 35328K, 17% used [0x00000000b1000000,0x00000000b16209f0,0x00000000b3280000)
 Metaspace       used 30190K, capacity 31712K, committed 31872K, reserved 1077248K
  class space    used 4125K, capacity 4422K, committed 4480K, reserved 1048576K
Event: 5.778 GC heap after
Heap after GC invocations=10 (full 1):
 PSYoungGen      total 169472K, used 7676K [0x00000000e5b00000, 0x00000000f3c80000, 0x0000000100000000)
  eden space 161792K, 0% used [0x00000000e5b00000,0x00000000e5b00000,0x00000000ef900000)
  from space 7680K, 99% used [0x00000000ef900000,0x00000000f007f238,0x00000000f0080000)
  to   space 12288K, 0% used [0x00000000f3080000,0x00000000f3080000,0x00000000f3c80000)
 ParOldGen       total 35328K, used 14525K [0x00000000b1000000, 0x00000000b3280000, 0x00000000e5b00000)
  object space 35328K, 41% used [0x00000000b1000000,0x00000000b1e2f738,0x00000000b3280000)
 Metaspace       used 30190K, capacity 31712K, committed 31872K, reserved 1077248K
  class space    used 4125K, capacity 4422K, committed 4480K, reserved 1048576K
}
Event: 6.597 GC heap before
{Heap before GC invocations=11 (full 1):
 PSYoungGen      total 169472K, used 89419K [0x00000000e5b00000, 0x00000000f3c80000, 0x0000000100000000)
  eden space 161792K, 50% used [0x00000000e5b00000,0x00000000eaad3a08,0x00000000ef900000)
  from space 7680K, 99% used [0x00000000ef900000,0x00000000f007f238,0x00000000f0080000)
  to   space 12288K, 0% used [0x00000000f3080000,0x00000000f3080000,0x00000000f3c80000)
 ParOldGen       total 35328K, used 14525K [0x00000000b1000000, 0x00000000b3280000, 0x00000000e5b00000)
  object space 35328K, 41% used [0x00000000b1000000,0x00000000b1e2f738,0x00000000b3280000)
 Metaspace       used 33756K, capacity 35350K, committed 35496K, reserved 1079296K
  class space    used 4484K, capacity 4807K, committed 4864K, reserved 1048576K
Event: 6.638 GC heap after
Heap after GC invocations=11 (full 1):
 PSYoungGen      total 174080K, used 9753K [0x00000000e5b00000, 0x00000000f3c80000, 0x0000000100000000)
  eden space 161792K, 0% used [0x00000000e5b00000,0x00000000e5b00000,0x00000000ef900000)
  from space 12288K, 79% used [0x00000000f3080000,0x00000000f3a06538,0x00000000f3c80000)
  to   space 7680K, 0% used [0x00000000ef900000,0x00000000ef900000,0x00000000f0080000)
 ParOldGen       total 35328K, used 16710K [0x00000000b1000000, 0x00000000b3280000, 0x00000000e5b00000)
  object space 35328K, 47% used [0x00000000b1000000,0x00000000b2051a70,0x00000000b3280000)
 Metaspace       used 33756K, capacity 35350K, committed 35496K, reserved 1079296K
  class space    used 4484K, capacity 4807K, committed 4864K, reserved 1048576K
}
Event: 6.638 GC heap before
{Heap before GC invocations=12 (full 2):
 PSYoungGen      total 174080K, used 9753K [0x00000000e5b00000, 0x00000000f3c80000, 0x0000000100000000)
  eden space 161792K, 0% used [0x00000000e5b00000,0x00000000e5b00000,0x00000000ef900000)
  from space 12288K, 79% used [0x00000000f3080000,0x00000000f3a06538,0x00000000f3c80000)
  to   space 7680K, 0% used [0x00000000ef900000,0x00000000ef900000,0x00000000f0080000)
 ParOldGen       total 35328K, used 16710K [0x00000000b1000000, 0x00000000b3280000, 0x00000000e5b00000)
  object space 35328K, 47% used [0x00000000b1000000,0x00000000b2051a70,0x00000000b3280000)
 Metaspace       used 33756K, capacity 35350K, committed 35496K, reserved 1079296K
  class space    used 4484K, capacity 4807K, committed 4864K, reserved 1048576K
Event: 6.789 GC heap after
Heap after GC invocations=12 (full 2):
 PSYoungGen      total 174080K, used 0K [0x00000000e5b00000, 0x00000000f3c80000, 0x0000000100000000)
  eden space 161792K, 0% used [0x00000000e5b00000,0x00000000e5b00000,0x00000000ef900000)
  from space 12288K, 0% used [0x00000000f3080000,0x00000000f3080000,0x00000000f3c80000)
  to   space 7680K, 0% used [0x00000000ef900000,0x00000000ef900000,0x00000000f0080000)
 ParOldGen       total 35328K, used 19767K [0x00000000b1000000, 0x00000000b3280000, 0x00000000e5b00000)
  object space 35328K, 55% used [0x00000000b1000000,0x00000000b234de68,0x00000000b3280000)
 Metaspace       used 33756K, capacity 35350K, committed 35496K, reserved 1079296K
  class space    used 4484K, capacity 4807K, committed 4864K, reserved 1048576K
}
Event: 8.370 GC heap before
{Heap before GC invocations=13 (full 2):
 PSYoungGen      total 174080K, used 123122K [0x00000000e5b00000, 0x00000000f3c80000, 0x0000000100000000)
  eden space 161792K, 76% used [0x00000000e5b00000,0x00000000ed33c8e0,0x00000000ef900000)
  from space 12288K, 0% used [0x00000000f3080000,0x00000000f3080000,0x00000000f3c80000)
  to   space 7680K, 0% used [0x00000000ef900000,0x00000000ef900000,0x00000000f0080000)
 ParOldGen       total 35328K, used 19767K [0x00000000b1000000, 0x00000000b3280000, 0x00000000e5b00000)
  object space 35328K, 55% used [0x00000000b1000000,0x00000000b234de68,0x00000000b3280000)
 Metaspace       used 45810K, capacity 47680K, committed 47872K, reserved 1093632K
  class space    used 6408K, capacity 6812K, committed 6912K, reserved 1048576K
Event: 8.411 GC heap after
Heap after GC invocations=13 (full 2):
 PSYoungGen      total 169472K, used 7675K [0x00000000e5b00000, 0x00000000f3c80000, 0x0000000100000000)
  eden space 161792K, 0% used [0x00000000e5b00000,0x00000000e5b00000,0x00000000ef900000)
  from space 7680K, 99% used [0x00000000ef900000,0x00000000f007ef98,0x00000000f0080000)
  to   space 12288K, 0% used [0x00000000f3080000,0x00000000f3080000,0x00000000f3c80000)
 ParOldGen       total 35328K, used 26981K [0x00000000b1000000, 0x00000000b3280000, 0x00000000e5b00000)
  object space 35328K, 76% used [0x00000000b1000000,0x00000000b2a594e8,0x00000000b3280000)
 Metaspace       used 45810K, capacity 47680K, committed 47872K, reserved 1093632K
  class space    used 6408K, capacity 6812K, committed 6912K, reserved 1048576K
}
Event: 8.411 GC heap before
{Heap before GC invocations=14 (full 3):
 PSYoungGen      total 169472K, used 7675K [0x00000000e5b00000, 0x00000000f3c80000, 0x0000000100000000)
  eden space 161792K, 0% used [0x00000000e5b00000,0x00000000e5b00000,0x00000000ef900000)
  from space 7680K, 99% used [0x00000000ef900000,0x00000000f007ef98,0x00000000f0080000)
  to   space 12288K, 0% used [0x00000000f3080000,0x00000000f3080000,0x00000000f3c80000)
 ParOldGen       total 35328K, used 26981K [0x00000000b1000000, 0x00000000b3280000, 0x00000000e5b00000)
  object space 35328K, 76% used [0x00000000b1000000,0x00000000b2a594e8,0x00000000b3280000)
 Metaspace       used 45810K, capacity 47680K, committed 47872K, reserved 1093632K
  class space    used 6408K, capacity 6812K, committed 6912K, reserved 1048576K
Event: 8.732 GC heap after
Heap after GC invocations=14 (full 3):
 PSYoungGen      total 169472K, used 0K [0x00000000e5b00000, 0x00000000f3c80000, 0x0000000100000000)
  eden space 161792K, 0% used [0x00000000e5b00000,0x00000000e5b00000,0x00000000ef900000)
  from space 7680K, 0% used [0x00000000ef900000,0x00000000ef900000,0x00000000f0080000)
  to   space 12288K, 0% used [0x00000000f3080000,0x00000000f3080000,0x00000000f3c80000)
 ParOldGen       total 35328K, used 31258K [0x00000000b1000000, 0x00000000b3280000, 0x00000000e5b00000)
  object space 35328K, 88% used [0x00000000b1000000,0x00000000b2e868d0,0x00000000b3280000)
 Metaspace       used 45810K, capacity 47680K, committed 47872K, reserved 1091584K
  class space    used 6408K, capacity 6812K, committed 6912K, reserved 1048576K
}

